{"uuid":"36918e47-693e-4733-87e7-e2b9d411ef57","historyId":"c175a10dd61dd14fd8812c1207446576","fullName":"TestBase.E2E_Test.E2Etest","labels":[{"name":"package","value":"TestBase.E2E_Test"},{"name":"testClass","value":"TestBase.E2E_Test"},{"name":"testMethod","value":"E2Etest"},{"name":"parentSuite","value":"Default Suite"},{"name":"suite","value":"Angular Flutter"},{"name":"subSuite","value":"TestBase.E2E_Test"},{"name":"host","value":"CS-MOA-HomeOffice1903"},{"name":"thread","value":"21224@CS-MOA-HomeOffice1903.main(3)"},{"name":"framework","value":"testng"},{"name":"language","value":"java"}],"links":[],"name":"E2Etest","status":"failed","statusDetails":{"known":false,"muted":false,"flaky":false,"message":"expected [1] but found [Increment]","trace":"java.lang.AssertionError: expected [1] but found [Increment]\r\n\tat org.testng.Assert.fail(Assert.java:111)\r\n\tat org.testng.Assert.failNotEquals(Assert.java:1590)\r\n\tat org.testng.Assert.assertEqualsImpl(Assert.java:150)\r\n\tat org.testng.Assert.assertEquals(Assert.java:132)\r\n\tat org.testng.Assert.assertEquals(Assert.java:644)\r\n\tat Utils.Validation.validateCounter(Validation.java:14)\r\n\tat PageBase.HomePage.assertCounterAdd(HomePage.java:41)\r\n\tat TestBase.E2E_Test.E2Etest(E2E_Test.java:32)\r\n\tat java.base/jdk.internal.reflect.DirectMethodHandleAccessor.invoke(DirectMethodHandleAccessor.java:104)\r\n\tat java.base/java.lang.reflect.Method.invoke(Method.java:565)\r\n\tat org.testng.internal.invokers.MethodInvocationHelper.invokeMethod(MethodInvocationHelper.java:141)\r\n\tat org.testng.internal.invokers.TestInvoker.invokeMethod(TestInvoker.java:687)\r\n\tat org.testng.internal.invokers.TestInvoker.invokeTestMethod(TestInvoker.java:230)\r\n\tat org.testng.internal.invokers.MethodRunner.runInSequence(MethodRunner.java:63)\r\n\tat org.testng.internal.invokers.TestInvoker$MethodInvocationAgent.invoke(TestInvoker.java:995)\r\n\tat org.testng.internal.invokers.TestInvoker.invokeTestMethods(TestInvoker.java:203)\r\n\tat org.testng.internal.invokers.TestMethodWorker.invokeTestMethods(TestMethodWorker.java:154)\r\n\tat org.testng.internal.invokers.TestMethodWorker.run(TestMethodWorker.java:134)\r\n\tat java.base/java.util.ArrayList.forEach(ArrayList.java:1604)\r\n\tat org.testng.TestRunner.privateRun(TestRunner.java:741)\r\n\tat org.testng.TestRunner.run(TestRunner.java:616)\r\n\tat org.testng.SuiteRunner.runTest(SuiteRunner.java:421)\r\n\tat org.testng.SuiteRunner.runSequentially(SuiteRunner.java:413)\r\n\tat org.testng.SuiteRunner.privateRun(SuiteRunner.java:373)\r\n\tat org.testng.SuiteRunner.run(SuiteRunner.java:312)\r\n\tat org.testng.SuiteRunnerWorker.runSuite(SuiteRunnerWorker.java:52)\r\n\tat org.testng.SuiteRunnerWorker.run(SuiteRunnerWorker.java:95)\r\n\tat org.testng.TestNG.runSuitesSequentially(TestNG.java:1274)\r\n\tat org.testng.TestNG.runSuitesLocally(TestNG.java:1208)\r\n\tat org.testng.TestNG.runSuites(TestNG.java:1112)\r\n\tat org.testng.TestNG.run(TestNG.java:1079)\r\n\tat com.intellij.rt.testng.IDEARemoteTestNG.run(IDEARemoteTestNG.java:65)\r\n\tat com.intellij.rt.testng.RemoteTestNGStarter.main(RemoteTestNGStarter.java:105)\r\n"},"stage":"finished","steps":[{"name":"click on add button","status":"passed","stage":"finished","steps":[{"name":"Clicking on button: By.xpath: //flt-semantics[@id='flt-semantic-node-8']","status":"passed","stage":"finished","steps":[{"name":"Getting the driver","status":"passed","stage":"finished","steps":[],"attachments":[],"parameters":[],"start":1763580201816,"stop":1763580201816},{"name":"Waiting for an element to be Clickable","status":"passed","stage":"finished","steps":[{"name":"Waiting for an element to be visible","status":"passed","stage":"finished","steps":[{"name":"Waiting for an element to be present","status":"passed","stage":"finished","steps":[],"attachments":[],"parameters":[{"name":"driver","value":"ChromeDriver: chrome on windows (40a94c3e3ea7ac7740910d82a68dae56)"},{"name":"locator","value":"By.xpath: //flt-semantics[@id='flt-semantic-node-8']"}],"start":1763580201845,"stop":1763580201880}],"attachments":[],"parameters":[{"name":"driver","value":"ChromeDriver: chrome on windows (40a94c3e3ea7ac7740910d82a68dae56)"},{"name":"locator","value":"By.xpath: //flt-semantics[@id='flt-semantic-node-8']"}],"start":1763580201838,"stop":1763580201917}],"attachments":[],"parameters":[{"name":"driver","value":"ChromeDriver: chrome on windows (40a94c3e3ea7ac7740910d82a68dae56)"},{"name":"locator","value":"By.xpath: //flt-semantics[@id='flt-semantic-node-8']"}],"start":1763580201835,"stop":1763580201938},{"name":"Getting the driver","status":"passed","stage":"finished","steps":[],"attachments":[],"parameters":[],"start":1763580201938,"stop":1763580201940}],"attachments":[],"parameters":[{"name":"locator","value":"By.xpath: //flt-semantics[@id='flt-semantic-node-8']"}],"start":1763580201815,"stop":1763580202090}],"attachments":[],"parameters":[],"start":1763580201807,"stop":1763580202091},{"name":"validating the clicking process","status":"failed","statusDetails":{"known":false,"muted":false,"flaky":false,"message":"expected [1] but found [Increment]","trace":"java.lang.AssertionError: expected [1] but found [Increment]\r\n\tat org.testng.Assert.fail(Assert.java:111)\r\n\tat org.testng.Assert.failNotEquals(Assert.java:1590)\r\n\tat org.testng.Assert.assertEqualsImpl(Assert.java:150)\r\n\tat org.testng.Assert.assertEquals(Assert.java:132)\r\n\tat org.testng.Assert.assertEquals(Assert.java:644)\r\n\tat Utils.Validation.validateCounter(Validation.java:14)\r\n\tat PageBase.HomePage.assertCounterAdd(HomePage.java:41)\r\n\tat TestBase.E2E_Test.E2Etest(E2E_Test.java:32)\r\n\tat java.base/jdk.internal.reflect.DirectMethodHandleAccessor.invoke(DirectMethodHandleAccessor.java:104)\r\n\tat java.base/java.lang.reflect.Method.invoke(Method.java:565)\r\n\tat org.testng.internal.invokers.MethodInvocationHelper.invokeMethod(MethodInvocationHelper.java:141)\r\n\tat org.testng.internal.invokers.TestInvoker.invokeMethod(TestInvoker.java:687)\r\n\tat org.testng.internal.invokers.TestInvoker.invokeTestMethod(TestInvoker.java:230)\r\n\tat org.testng.internal.invokers.MethodRunner.runInSequence(MethodRunner.java:63)\r\n\tat org.testng.internal.invokers.TestInvoker$MethodInvocationAgent.invoke(TestInvoker.java:995)\r\n\tat org.testng.internal.invokers.TestInvoker.invokeTestMethods(TestInvoker.java:203)\r\n\tat org.testng.internal.invokers.TestMethodWorker.invokeTestMethods(TestMethodWorker.java:154)\r\n\tat org.testng.internal.invokers.TestMethodWorker.run(TestMethodWorker.java:134)\r\n\tat java.base/java.util.ArrayList.forEach(ArrayList.java:1604)\r\n\tat org.testng.TestRunner.privateRun(TestRunner.java:741)\r\n\tat org.testng.TestRunner.run(TestRunner.java:616)\r\n\tat org.testng.SuiteRunner.runTest(SuiteRunner.java:421)\r\n\tat org.testng.SuiteRunner.runSequentially(SuiteRunner.java:413)\r\n\tat org.testng.SuiteRunner.privateRun(SuiteRunner.java:373)\r\n\tat org.testng.SuiteRunner.run(SuiteRunner.java:312)\r\n\tat org.testng.SuiteRunnerWorker.runSuite(SuiteRunnerWorker.java:52)\r\n\tat org.testng.SuiteRunnerWorker.run(SuiteRunnerWorker.java:95)\r\n\tat org.testng.TestNG.runSuitesSequentially(TestNG.java:1274)\r\n\tat org.testng.TestNG.runSuitesLocally(TestNG.java:1208)\r\n\tat org.testng.TestNG.runSuites(TestNG.java:1112)\r\n\tat org.testng.TestNG.run(TestNG.java:1079)\r\n\tat com.intellij.rt.testng.IDEARemoteTestNG.run(IDEARemoteTestNG.java:65)\r\n\tat com.intellij.rt.testng.RemoteTestNGStarter.main(RemoteTestNGStarter.java:105)\r\n"},"stage":"finished","steps":[{"name":"Getting the driver","status":"passed","stage":"finished","steps":[],"attachments":[],"parameters":[],"start":1763580202094,"stop":1763580202095}],"attachments":[],"parameters":[],"start":1763580202091,"stop":1763580202414}],"attachments":[],"parameters":[],"start":1763580201800,"stop":1763580202421}