{"uuid":"8adc3430-a725-4452-8a87-ece1b8fdb355","historyId":"c175a10dd61dd14fd8812c1207446576","fullName":"TestBase.E2E_Test.E2Etest","labels":[{"name":"package","value":"TestBase.E2E_Test"},{"name":"testClass","value":"TestBase.E2E_Test"},{"name":"testMethod","value":"E2Etest"},{"name":"parentSuite","value":"Default Suite"},{"name":"suite","value":"Angular Flutter"},{"name":"subSuite","value":"TestBase.E2E_Test"},{"name":"host","value":"CS-MOA-HomeOffice1903"},{"name":"thread","value":"19768@CS-MOA-HomeOffice1903.main(3)"},{"name":"framework","value":"testng"},{"name":"language","value":"java"}],"links":[],"name":"E2Etest","status":"broken","statusDetails":{"known":false,"muted":false,"flaky":false,"message":"For input string: \"Increment\"","trace":"java.lang.NumberFormatException: For input string: \"Increment\"\r\n\tat java.base/java.lang.NumberFormatException.forInputString(NumberFormatException.java:67)\r\n\tat java.base/java.lang.Integer.parseInt(Integer.java:564)\r\n\tat java.base/java.lang.Integer.parseInt(Integer.java:661)\r\n\tat PageBase.HomePage.assertCounterAdd(HomePage.java:45)\r\n\tat TestBase.E2E_Test.E2Etest(E2E_Test.java:32)\r\n\tat java.base/jdk.internal.reflect.DirectMethodHandleAccessor.invoke(DirectMethodHandleAccessor.java:104)\r\n\tat java.base/java.lang.reflect.Method.invoke(Method.java:565)\r\n\tat org.testng.internal.invokers.MethodInvocationHelper.invokeMethod(MethodInvocationHelper.java:141)\r\n\tat org.testng.internal.invokers.TestInvoker.invokeMethod(TestInvoker.java:687)\r\n\tat org.testng.internal.invokers.TestInvoker.invokeTestMethod(TestInvoker.java:230)\r\n\tat org.testng.internal.invokers.MethodRunner.runInSequence(MethodRunner.java:63)\r\n\tat org.testng.internal.invokers.TestInvoker$MethodInvocationAgent.invoke(TestInvoker.java:995)\r\n\tat org.testng.internal.invokers.TestInvoker.invokeTestMethods(TestInvoker.java:203)\r\n\tat org.testng.internal.invokers.TestMethodWorker.invokeTestMethods(TestMethodWorker.java:154)\r\n\tat org.testng.internal.invokers.TestMethodWorker.run(TestMethodWorker.java:134)\r\n\tat java.base/java.util.ArrayList.forEach(ArrayList.java:1604)\r\n\tat org.testng.TestRunner.privateRun(TestRunner.java:741)\r\n\tat org.testng.TestRunner.run(TestRunner.java:616)\r\n\tat org.testng.SuiteRunner.runTest(SuiteRunner.java:421)\r\n\tat org.testng.SuiteRunner.runSequentially(SuiteRunner.java:413)\r\n\tat org.testng.SuiteRunner.privateRun(SuiteRunner.java:373)\r\n\tat org.testng.SuiteRunner.run(SuiteRunner.java:312)\r\n\tat org.testng.SuiteRunnerWorker.runSuite(SuiteRunnerWorker.java:52)\r\n\tat org.testng.SuiteRunnerWorker.run(SuiteRunnerWorker.java:95)\r\n\tat org.testng.TestNG.runSuitesSequentially(TestNG.java:1274)\r\n\tat org.testng.TestNG.runSuitesLocally(TestNG.java:1208)\r\n\tat org.testng.TestNG.runSuites(TestNG.java:1112)\r\n\tat org.testng.TestNG.run(TestNG.java:1079)\r\n\tat com.intellij.rt.testng.IDEARemoteTestNG.run(IDEARemoteTestNG.java:65)\r\n\tat com.intellij.rt.testng.RemoteTestNGStarter.main(RemoteTestNGStarter.java:105)\r\n"},"stage":"finished","steps":[{"name":"click on add button","status":"passed","stage":"finished","steps":[{"name":"Clicking on button: By.xpath: //flt-semantics[@id='flt-semantic-node-8']","status":"passed","stage":"finished","steps":[{"name":"Getting the driver","status":"passed","stage":"finished","steps":[],"attachments":[],"parameters":[],"start":1763580484025,"stop":1763580484028},{"name":"Waiting for an element to be Clickable","status":"passed","stage":"finished","steps":[{"name":"Waiting for an element to be visible","status":"passed","stage":"finished","steps":[{"name":"Waiting for an element to be present","status":"passed","stage":"finished","steps":[],"attachments":[],"parameters":[{"name":"driver","value":"ChromeDriver: chrome on windows (b691a5a02cddcc9d1ae0d79735088a49)"},{"name":"locator","value":"By.xpath: //flt-semantics[@id='flt-semantic-node-8']"}],"start":1763580484048,"stop":1763580484070}],"attachments":[],"parameters":[{"name":"driver","value":"ChromeDriver: chrome on windows (b691a5a02cddcc9d1ae0d79735088a49)"},{"name":"locator","value":"By.xpath: //flt-semantics[@id='flt-semantic-node-8']"}],"start":1763580484046,"stop":1763580484100}],"attachments":[],"parameters":[{"name":"driver","value":"ChromeDriver: chrome on windows (b691a5a02cddcc9d1ae0d79735088a49)"},{"name":"locator","value":"By.xpath: //flt-semantics[@id='flt-semantic-node-8']"}],"start":1763580484043,"stop":1763580484117},{"name":"Getting the driver","status":"passed","stage":"finished","steps":[],"attachments":[],"parameters":[],"start":1763580484118,"stop":1763580484119}],"attachments":[],"parameters":[{"name":"locator","value":"By.xpath: //flt-semantics[@id='flt-semantic-node-8']"}],"start":1763580484025,"stop":1763580484256}],"attachments":[],"parameters":[],"start":1763580484017,"stop":1763580484257},{"name":"validating the clicking process","status":"broken","statusDetails":{"known":false,"muted":false,"flaky":false,"message":"For input string: \"Increment\"","trace":"java.lang.NumberFormatException: For input string: \"Increment\"\r\n\tat java.base/java.lang.NumberFormatException.forInputString(NumberFormatException.java:67)\r\n\tat java.base/java.lang.Integer.parseInt(Integer.java:564)\r\n\tat java.base/java.lang.Integer.parseInt(Integer.java:661)\r\n\tat PageBase.HomePage.assertCounterAdd(HomePage.java:45)\r\n\tat TestBase.E2E_Test.E2Etest(E2E_Test.java:32)\r\n\tat java.base/jdk.internal.reflect.DirectMethodHandleAccessor.invoke(DirectMethodHandleAccessor.java:104)\r\n\tat java.base/java.lang.reflect.Method.invoke(Method.java:565)\r\n\tat org.testng.internal.invokers.MethodInvocationHelper.invokeMethod(MethodInvocationHelper.java:141)\r\n\tat org.testng.internal.invokers.TestInvoker.invokeMethod(TestInvoker.java:687)\r\n\tat org.testng.internal.invokers.TestInvoker.invokeTestMethod(TestInvoker.java:230)\r\n\tat org.testng.internal.invokers.MethodRunner.runInSequence(MethodRunner.java:63)\r\n\tat org.testng.internal.invokers.TestInvoker$MethodInvocationAgent.invoke(TestInvoker.java:995)\r\n\tat org.testng.internal.invokers.TestInvoker.invokeTestMethods(TestInvoker.java:203)\r\n\tat org.testng.internal.invokers.TestMethodWorker.invokeTestMethods(TestMethodWorker.java:154)\r\n\tat org.testng.internal.invokers.TestMethodWorker.run(TestMethodWorker.java:134)\r\n\tat java.base/java.util.ArrayList.forEach(ArrayList.java:1604)\r\n\tat org.testng.TestRunner.privateRun(TestRunner.java:741)\r\n\tat org.testng.TestRunner.run(TestRunner.java:616)\r\n\tat org.testng.SuiteRunner.runTest(SuiteRunner.java:421)\r\n\tat org.testng.SuiteRunner.runSequentially(SuiteRunner.java:413)\r\n\tat org.testng.SuiteRunner.privateRun(SuiteRunner.java:373)\r\n\tat org.testng.SuiteRunner.run(SuiteRunner.java:312)\r\n\tat org.testng.SuiteRunnerWorker.runSuite(SuiteRunnerWorker.java:52)\r\n\tat org.testng.SuiteRunnerWorker.run(SuiteRunnerWorker.java:95)\r\n\tat org.testng.TestNG.runSuitesSequentially(TestNG.java:1274)\r\n\tat org.testng.TestNG.runSuitesLocally(TestNG.java:1208)\r\n\tat org.testng.TestNG.runSuites(TestNG.java:1112)\r\n\tat org.testng.TestNG.run(TestNG.java:1079)\r\n\tat com.intellij.rt.testng.IDEARemoteTestNG.run(IDEARemoteTestNG.java:65)\r\n\tat com.intellij.rt.testng.RemoteTestNGStarter.main(RemoteTestNGStarter.java:105)\r\n"},"stage":"finished","steps":[{"name":"Getting the driver","status":"passed","stage":"finished","steps":[],"attachments":[],"parameters":[],"start":1763580484258,"stop":1763580484259}],"attachments":[],"parameters":[],"start":1763580484257,"stop":1763580484524}],"attachments":[],"parameters":[],"start":1763580484011,"stop":1763580484531}